* using log directory ‘/Users/cherish/SoySancePackage/SoySauce.Rcheck’
* using R version 3.4.4 (2018-03-15)
* using platform: x86_64-apple-darwin15.6.0 (64-bit)
* using session charset: UTF-8
* using options ‘--no-manual --as-cran’
* checking for file ‘SoySauce/DESCRIPTION’ ... OK
* this is package ‘SoySauce’ version ‘0.0.0.9000’
* package encoding: UTF-8
* checking CRAN incoming feasibility ... NOTE
Maintainer: ‘Zhiyuan Shu <first.last@example.com>’

Version contains large components (0.0.0.9000)

Unknown, possibly mis-spelled, fields in DESCRIPTION:
  ‘Import’
* checking package namespace information ... OK
* checking package dependencies ... OK
* checking if this is a source package ... OK
* checking if there is a namespace ... OK
* checking for executable files ... OK
* checking for hidden files and directories ... OK
* checking for portable file names ... OK
* checking for sufficient/correct file permissions ... OK
* checking whether package ‘SoySauce’ can be installed ... OK
* checking installed package size ... OK
* checking package directory ... OK
* checking DESCRIPTION meta-information ... WARNING
Non-standard license specification:
  What license is it under?
Standardizable: FALSE
* checking top-level files ... OK
* checking for left-over files ... OK
* checking index information ... OK
* checking package subdirectories ... OK
* checking R files for non-ASCII characters ... OK
* checking R files for syntax errors ... OK
* checking whether the package can be loaded ... OK
* checking whether the package can be loaded with stated dependencies ... OK
* checking whether the package can be unloaded cleanly ... OK
* checking whether the namespace can be loaded with stated dependencies ... OK
* checking whether the namespace can be unloaded cleanly ... OK
* checking use of S3 registration ... OK
* checking dependencies in R code ... OK
* checking S3 generic/method consistency ... OK
* checking replacement functions ... OK
* checking foreign function calls ... OK
* checking R code for possible problems ... NOTE
buildSubTree: no visible global function definition for ‘list.append’
dt_graph: no visible global function definition for ‘str_detect’
dt_graph: no visible global function definition for ‘str_sub’
dt_graph: no visible global function definition for ‘str_locate’
dt_graph: no visible global function definition for ‘graph.empty’
dt_graph: no visible global function definition for ‘add.edges’
dt_graph: no visible global function definition for ‘V’
dt_graph: no visible global function definition for ‘V<-’
dt_graph: no visible global function definition for ‘par’
dt_graph: no visible global function definition for ‘plot’
dt_graph: no visible global function definition for
  ‘layout.reingold.tilford’
Undefined global functions or variables:
  V V<- add.edges graph.empty layout.reingold.tilford list.append par
  plot str_detect str_locate str_sub
Consider adding
  importFrom("graphics", "par", "plot")
to your NAMESPACE file.
* checking for missing documentation entries ... WARNING
Undocumented code objects:
  ‘bestRule’ ‘buildSubTree’ ‘dt_graph’ ‘find_node’ ‘get_Forest’
  ‘get_entropy’ ‘get_split_entropy’ ‘maxDepth’ ‘minDataPoints’
  ‘newNode’ ‘newRule’ ‘predictTree’ ‘randforePredict’ ‘stopOrNot’
All user-level objects in a package should have documentation entries.
See chapter ‘Writing R documentation files’ in the ‘Writing R
Extensions’ manual.
* checking examples ... NONE
* checking for code which exercises the package ... WARNING
No examples, no tests, no vignettes
* DONE
Status: 3 WARNINGs, 2 NOTEs
